2024.04.16 17:11:13 INFO  Started: Metals version 1.3.0 in folders '/home/bsoleille/gitea/scala-spark' for client Visual Studio Code 1.88.1.[0m
SLF4J: Class path contains multiple SLF4J providers.
SLF4J: Found provider [scribe.slf4j.ScribeServiceProvider@1e9c9f8f]
SLF4J: Found provider [ch.qos.logback.classic.spi.LogbackServiceProvider@6afed05c]
SLF4J: See https://www.slf4j.org/codes.html#multiple_bindings for an explanation.
SLF4J: Actual provider is of type [scribe.slf4j.ScribeServiceProvider@1e9c9f8f]
2024.04.16 17:11:13 WARN  Flyway upgrade recommended: H2 2.2.224 is newer than this version of Flyway and support has not been tested. The latest supported version of H2 is 2.2.220.[0m
2024.04.16 17:11:15 INFO  running '/home/bsoleille/.local/share/coursier/bin/sbt -Dbloop.export-jar-classifiers=sources bloopInstall'[0m
2024.04.16 17:11:15 WARN  no build target for: /home/bsoleille/gitea/scala-spark/project/metals.sbt[0m
2024.04.16 17:11:15 WARN  no build target for: /home/bsoleille/gitea/scala-spark/project/project/metals.sbt[0m
2024.04.16 17:11:16 INFO  [info] Updated file /home/bsoleille/gitea/scala-spark/project/build.properties: set sbt.version to 1.9.6[0m
2024.04.16 17:11:16 INFO  [info] welcome to sbt 1.9.6 (Eclipse Adoptium Java 11.0.20)[0m
2024.04.16 17:11:18 INFO  [info] loading settings for project scala-spark-build-build from metals.sbt ...[0m
2024.04.16 17:11:18 INFO  [info] loading project definition from /home/bsoleille/gitea/scala-spark/project/project[0m
2024.04.16 17:11:19 INFO  [info] loading settings for project scala-spark-build from metals.sbt ...[0m
2024.04.16 17:11:19 INFO  [info] loading project definition from /home/bsoleille/gitea/scala-spark/project[0m
2024.04.16 17:11:21 INFO  [success] Generated .bloop/scala-spark-build.json[0m
2024.04.16 17:11:21 INFO  [success] Total time: 1 s, completed Apr 16, 2024, 5:11:21 PM[0m
2024.04.16 17:11:22 INFO  [info] loading settings for project scala-spark from build.sbt ...[0m
2024.04.16 17:11:22 INFO  [info] set current project to scalaSpark (in build file:/home/bsoleille/gitea/scala-spark/)[0m
2024.04.16 17:11:23 INFO  no build target found for /home/bsoleille/gitea/scala-spark/project/project/metals.sbt. Using presentation compiler with project's scala-library version: 3.3.3[0m
2024.04.16 17:11:24 INFO  [success] Generated .bloop/scala-spark-test.json[0m
2024.04.16 17:11:24 INFO  [success] Generated .bloop/scala-spark.json[0m
2024.04.16 17:11:24 INFO  [success] Total time: 2 s, completed Apr 16, 2024, 5:11:24 PM[0m
2024.04.16 17:11:24 INFO  time: ran 'sbt bloopInstall' in 9.39s[0m
2024.04.16 17:11:24 INFO  Attempting to connect to the build server...[0m
2024.04.16 17:11:24 INFO  tracing is disabled for protocol BSP, to enable tracing of incoming and outgoing JSON messages create an empty file at /home/bsoleille/gitea/scala-spark/.metals/bsp.trace.json or /home/bsoleille/.cache/metals/bsp.trace.json[0m
2024.04.16 17:11:24 INFO  Attempting to connect to the build server...[0m
2024.04.16 17:11:24 INFO  tracing is disabled for protocol BSP, to enable tracing of incoming and outgoing JSON messages create an empty file at /home/bsoleille/gitea/scala-spark/project/.metals/bsp.trace.json or /home/bsoleille/.cache/metals/bsp.trace.json[0m
2024.04.16 17:11:24 INFO  time: Connected to build server in 0.18s[0m
2024.04.16 17:11:24 INFO  Connected to Build server: Bloop v1.5.17[0m
2024.04.16 17:11:29 ERROR issues while parsing: /home/bsoleille/.cache/coursier/v1/https/repo1.maven.org/maven2/org/apache/hadoop/hadoop-client-api/3.3.4/hadoop-client-api-3.3.4-sources.jar
java.lang.Exception: Unexpected symbol at word pos: '92'. Line: '      "mon.CancelDelegationTokenRequestProto\\0321." +'
	at scala.meta.internal.mtags.JavaToplevelMtags.kwOrIdent$1(JavaToplevelMtags.scala:166)
	at scala.meta.internal.mtags.JavaToplevelMtags.parseToken$1(JavaToplevelMtags.scala:225)
	at scala.meta.internal.mtags.JavaToplevelMtags.fetchToken(JavaToplevelMtags.scala:231)
	at scala.meta.internal.mtags.JavaToplevelMtags.loop(JavaToplevelMtags.scala:50)
	at scala.meta.internal.mtags.JavaToplevelMtags.indexRoot(JavaToplevelMtags.scala:36)
	at scala.meta.internal.mtags.MtagsIndexer.index(MtagsIndexer.scala:21)
	at scala.meta.internal.mtags.MtagsIndexer.index$(MtagsIndexer.scala:20)
	at scala.meta.internal.mtags.JavaToplevelMtags.index(JavaToplevelMtags.scala:12)
	at scala.meta.internal.mtags.Mtags.indexWithOverrides(Mtags.scala:74)
	at scala.meta.internal.mtags.SymbolIndexBucket.indexSource(SymbolIndexBucket.scala:130)
	at scala.meta.internal.mtags.SymbolIndexBucket.addSourceFile(SymbolIndexBucket.scala:113)
	at scala.meta.internal.mtags.SymbolIndexBucket.$anonfun$addSourceJar$2(SymbolIndexBucket.scala:80)
	at scala.collection.immutable.List.flatMap(List.scala:294)
	at scala.meta.internal.mtags.SymbolIndexBucket.$anonfun$addSourceJar$1(SymbolIndexBucket.scala:76)
	at scala.meta.internal.io.PlatformFileIO$.withJarFileSystem(PlatformFileIO.scala:87)
	at scala.meta.internal.io.FileIO$.withJarFileSystem(FileIO.scala:44)
	at scala.meta.internal.mtags.SymbolIndexBucket.addSourceJar(SymbolIndexBucket.scala:74)
	at scala.meta.internal.mtags.OnDemandSymbolIndex.$anonfun$addSourceJar$2(OnDemandSymbolIndex.scala:85)
	at scala.meta.internal.mtags.OnDemandSymbolIndex.tryRun(OnDemandSymbolIndex.scala:148)
	at scala.meta.internal.mtags.OnDemandSymbolIndex.addSourceJar(OnDemandSymbolIndex.scala:84)
	at scala.meta.internal.metals.Indexer.indexJar$1(Indexer.scala:630)
	at scala.meta.internal.metals.Indexer.addSourceJarSymbols(Indexer.scala:656)
	at scala.meta.internal.metals.Indexer.$anonfun$indexDependencySources$5(Indexer.scala:487)
	at scala.collection.IterableOnceOps.foreach(IterableOnce.scala:619)
	at scala.collection.IterableOnceOps.foreach$(IterableOnce.scala:617)
	at scala.collection.AbstractIterable.foreach(Iterable.scala:935)
	at scala.collection.IterableOps$WithFilter.foreach(Iterable.scala:905)
	at scala.meta.internal.metals.Indexer.$anonfun$indexDependencySources$1(Indexer.scala:478)
	at scala.meta.internal.metals.Indexer.$anonfun$indexDependencySources$1$adapted(Indexer.scala:477)
	at scala.collection.IterableOnceOps.foreach(IterableOnce.scala:619)
	at scala.collection.IterableOnceOps.foreach$(IterableOnce.scala:617)
	at scala.collection.AbstractIterable.foreach(Iterable.scala:935)
	at scala.meta.internal.metals.Indexer.indexDependencySources(Indexer.scala:477)
	at scala.meta.internal.metals.Indexer.$anonfun$indexWorkspace$24(Indexer.scala:396)
	at scala.runtime.java8.JFunction0$mcV$sp.apply(JFunction0$mcV$sp.scala:18)
	at scala.meta.internal.metals.TimerProvider.timedThunk(TimerProvider.scala:25)
	at scala.meta.internal.metals.Indexer.$anonfun$indexWorkspace$23(Indexer.scala:389)
	at scala.meta.internal.metals.Indexer.$anonfun$indexWorkspace$23$adapted(Indexer.scala:385)
	at scala.collection.immutable.List.foreach(List.scala:334)
	at scala.meta.internal.metals.Indexer.indexWorkspace(Indexer.scala:385)
	at scala.meta.internal.metals.Indexer.$anonfun$profiledIndexWorkspace$2(Indexer.scala:172)
	at scala.runtime.java8.JFunction0$mcV$sp.apply(JFunction0$mcV$sp.scala:18)
	at scala.meta.internal.metals.TimerProvider.timedThunk(TimerProvider.scala:25)
	at scala.meta.internal.metals.Indexer.$anonfun$profiledIndexWorkspace$1(Indexer.scala:172)
	at scala.runtime.java8.JFunction0$mcV$sp.apply(JFunction0$mcV$sp.scala:18)
	at scala.concurrent.Future$.$anonfun$apply$1(Future.scala:687)
	at scala.concurrent.impl.Promise$Transformation.run(Promise.scala:467)
	at java.util.concurrent.ThreadPoolExecutor.runWorker(ThreadPoolExecutor.java:1136)
	at java.util.concurrent.ThreadPoolExecutor$Worker.run(ThreadPoolExecutor.java:635)
	at java.lang.Thread.run(Thread.java:833)
[0m
2024.04.16 17:11:33 ERROR issues while parsing: /home/bsoleille/.cache/coursier/v1/https/repo1.maven.org/maven2/org/apache/arrow/arrow-vector/12.0.1/arrow-vector-12.0.1-sources.jar
java.lang.Exception: Unexpected symbol at word pos: '35'. Line: '<##include "/@includes/license.ftl" />'
	at scala.meta.internal.mtags.JavaToplevelMtags.kwOrIdent$1(JavaToplevelMtags.scala:166)
	at scala.meta.internal.mtags.JavaToplevelMtags.parseToken$1(JavaToplevelMtags.scala:225)
	at scala.meta.internal.mtags.JavaToplevelMtags.fetchToken(JavaToplevelMtags.scala:231)
	at scala.meta.internal.mtags.JavaToplevelMtags.loop(JavaToplevelMtags.scala:50)
	at scala.meta.internal.mtags.JavaToplevelMtags.indexRoot(JavaToplevelMtags.scala:36)
	at scala.meta.internal.mtags.MtagsIndexer.index(MtagsIndexer.scala:21)
	at scala.meta.internal.mtags.MtagsIndexer.index$(MtagsIndexer.scala:20)
	at scala.meta.internal.mtags.JavaToplevelMtags.index(JavaToplevelMtags.scala:12)
	at scala.meta.internal.mtags.Mtags.indexWithOverrides(Mtags.scala:74)
	at scala.meta.internal.mtags.SymbolIndexBucket.indexSource(SymbolIndexBucket.scala:130)
	at scala.meta.internal.mtags.SymbolIndexBucket.addSourceFile(SymbolIndexBucket.scala:113)
	at scala.meta.internal.mtags.SymbolIndexBucket.$anonfun$addSourceJar$2(SymbolIndexBucket.scala:80)
	at scala.collection.immutable.List.flatMap(List.scala:294)
	at scala.meta.internal.mtags.SymbolIndexBucket.$anonfun$addSourceJar$1(SymbolIndexBucket.scala:76)
	at scala.meta.internal.io.PlatformFileIO$.withJarFileSystem(PlatformFileIO.scala:87)
	at scala.meta.internal.io.FileIO$.withJarFileSystem(FileIO.scala:44)
	at scala.meta.internal.mtags.SymbolIndexBucket.addSourceJar(SymbolIndexBucket.scala:74)
	at scala.meta.internal.mtags.OnDemandSymbolIndex.$anonfun$addSourceJar$2(OnDemandSymbolIndex.scala:85)
	at scala.meta.internal.mtags.OnDemandSymbolIndex.tryRun(OnDemandSymbolIndex.scala:148)
	at scala.meta.internal.mtags.OnDemandSymbolIndex.addSourceJar(OnDemandSymbolIndex.scala:84)
	at scala.meta.internal.metals.Indexer.indexJar$1(Indexer.scala:630)
	at scala.meta.internal.metals.Indexer.addSourceJarSymbols(Indexer.scala:656)
	at scala.meta.internal.metals.Indexer.$anonfun$indexDependencySources$5(Indexer.scala:487)
	at scala.collection.IterableOnceOps.foreach(IterableOnce.scala:619)
	at scala.collection.IterableOnceOps.foreach$(IterableOnce.scala:617)
	at scala.collection.AbstractIterable.foreach(Iterable.scala:935)
	at scala.collection.IterableOps$WithFilter.foreach(Iterable.scala:905)
	at scala.meta.internal.metals.Indexer.$anonfun$indexDependencySources$1(Indexer.scala:478)
	at scala.meta.internal.metals.Indexer.$anonfun$indexDependencySources$1$adapted(Indexer.scala:477)
	at scala.collection.IterableOnceOps.foreach(IterableOnce.scala:619)
	at scala.collection.IterableOnceOps.foreach$(IterableOnce.scala:617)
	at scala.collection.AbstractIterable.foreach(Iterable.scala:935)
	at scala.meta.internal.metals.Indexer.indexDependencySources(Indexer.scala:477)
	at scala.meta.internal.metals.Indexer.$anonfun$indexWorkspace$24(Indexer.scala:396)
	at scala.runtime.java8.JFunction0$mcV$sp.apply(JFunction0$mcV$sp.scala:18)
	at scala.meta.internal.metals.TimerProvider.timedThunk(TimerProvider.scala:25)
	at scala.meta.internal.metals.Indexer.$anonfun$indexWorkspace$23(Indexer.scala:389)
	at scala.meta.internal.metals.Indexer.$anonfun$indexWorkspace$23$adapted(Indexer.scala:385)
	at scala.collection.immutable.List.foreach(List.scala:334)
	at scala.meta.internal.metals.Indexer.indexWorkspace(Indexer.scala:385)
	at scala.meta.internal.metals.Indexer.$anonfun$profiledIndexWorkspace$2(Indexer.scala:172)
	at scala.runtime.java8.JFunction0$mcV$sp.apply(JFunction0$mcV$sp.scala:18)
	at scala.meta.internal.metals.TimerProvider.timedThunk(TimerProvider.scala:25)
	at scala.meta.internal.metals.Indexer.$anonfun$profiledIndexWorkspace$1(Indexer.scala:172)
	at scala.runtime.java8.JFunction0$mcV$sp.apply(JFunction0$mcV$sp.scala:18)
	at scala.concurrent.Future$.$anonfun$apply$1(Future.scala:687)
	at scala.concurrent.impl.Promise$Transformation.run(Promise.scala:467)
	at java.util.concurrent.ThreadPoolExecutor.runWorker(ThreadPoolExecutor.java:1136)
	at java.util.concurrent.ThreadPoolExecutor$Worker.run(ThreadPoolExecutor.java:635)
	at java.lang.Thread.run(Thread.java:833)
[0m
2024.04.16 17:11:34 INFO  time: indexed workspace in 9.26s[0m
2024.04.16 17:15:34 INFO  compiling scala-spark (2 scala sources)[0m
2024.04.16 17:15:36 INFO  compiling scala-spark-test (2 scala sources)[0m
2024.04.16 17:15:36 INFO  time: compiled scala-spark in 1.8s[0m
2024.04.16 17:15:36 INFO  time: compiled scala-spark-test in 0.51s[0m
2024.04.16 17:15:37 INFO  Shutting down server[0m
2024.04.16 17:15:37 INFO  shutting down Metals[0m
2024.04.16 17:15:37 INFO  Shut down connection with build server.[0m
2024.04.16 17:15:37 INFO  Shut down connection with build server.[0m
2024.04.16 17:15:37 INFO  Exiting server[0m
